version -o=json
account show -o=json
account list -o=json
account get-access-token --scope https://graph.microsoft.com/.default --subscription 11111111-1111-1111-1111-111111111111 -o=json
account get-access-token --scope https://management.azure.com/.default --subscription 11111111-1111-1111-1111-111111111111 -o=json
version -o=json
account show -o=json
account list -o=json
account get-access-token --scope https://graph.microsoft.com/.default --subscription 11111111-1111-1111-1111-111111111111 -o=json
account get-access-token --scope https://management.azure.com/.default --subscription 11111111-1111-1111-1111-111111111111 -o=json
version -o=json
account show -o=json
account list -o=json
account get-access-token --scope https://graph.microsoft.com/.default --subscription 11111111-1111-1111-1111-111111111111 -o=json
account get-access-token --scope https://management.azure.com/.default --subscription 11111111-1111-1111-1111-111111111111 -o=json
version -o=json
account show -o=json
account list -o=json
account get-access-token --scope https://graph.microsoft.com/.default --subscription 11111111-1111-1111-1111-111111111111 -o=json
account get-access-token --scope https://management.azure.com/.default --subscription 11111111-1111-1111-1111-111111111111 -o=json
version -o=json
account show -o=json
account list -o=json
account get-access-token --scope https://graph.microsoft.com/.default --subscription 11111111-1111-1111-1111-111111111111 -o=json
account get-access-token --scope https://management.azure.com/.default --subscription 11111111-1111-1111-1111-111111111111 -o=json
version -o=json
account show -o=json
account list -o=json
account get-access-token --scope https://graph.microsoft.com/.default --subscription 11111111-1111-1111-1111-111111111111 -o=json
account get-access-token --scope https://management.azure.com/.default --subscription 11111111-1111-1111-1111-111111111111 -o=json
version -o=json
account show -o=json
account list -o=json
account get-access-token --scope https://graph.microsoft.com/.default --subscription 11111111-1111-1111-1111-111111111111 -o=json
account get-access-token --scope https://management.azure.com/.default --subscription 11111111-1111-1111-1111-111111111111 -o=json
version -o=json
account show -o=json
account list -o=json
account get-access-token --scope https://graph.microsoft.com/.default --subscription 11111111-1111-1111-1111-111111111111 -o=json
account get-access-token --scope https://management.azure.com/.default --subscription 11111111-1111-1111-1111-111111111111 -o=json
version -o=json
account show -o=json
account list -o=json
account get-access-token --scope https://graph.microsoft.com/.default --subscription 11111111-1111-1111-1111-111111111111 -o=json
account get-access-token --scope https://management.azure.com/.default --subscription 11111111-1111-1111-1111-111111111111 -o=json
version -o=json
account show -o=json
account list -o=json
account get-access-token --scope https://graph.microsoft.com/.default --subscription 11111111-1111-1111-1111-111111111111 -o=json
account get-access-token --scope https://management.azure.com/.default --subscription 11111111-1111-1111-1111-111111111111 -o=json
version -o=json
account show -o=json
account list -o=json
account get-access-token --scope https://graph.microsoft.com/.default --subscription 11111111-1111-1111-1111-111111111111 -o=json
account get-access-token --scope https://management.azure.com/.default --subscription 11111111-1111-1111-1111-111111111111 -o=json
